<?xml version="1.0" encoding="UTF-8"?>
<!-- Generated by org.testng.reporters.JUnitXMLReporter -->
<testsuite ignored="0" hostname="Jarvis-Vck" failures="0" tests="21" name="Default test" time="182.719" errors="0" timestamp="2022-06-20T12:55:18 IST">
  <testcase classname="TEST.FTest" name="@BeforeMethod testa" time="44.348">
    <failure type="org.openqa.selenium.NoSuchElementException" message="no such element: Unable to locate element: {&amp;quot;method&amp;quot;:&amp;quot;xpath&amp;quot;,&amp;quot;selector&amp;quot;:&amp;quot;//input[@id=&amp;apos;pin&amp;apos;]&amp;quot;}
  (Session info: chrome=102.0.5005.115)
For documentation on this error, please visit: https://selenium.dev/exceptions/#no_such_element
Build info: version: &amp;apos;4.2.2&amp;apos;, revision: &amp;apos;683ccb65d6&amp;apos;
System info: host: &amp;apos;JARVIS-VCK&amp;apos;, ip: &amp;apos;192.168.201.81&amp;apos;, os.name: &amp;apos;Windows 10&amp;apos;, os.arch: &amp;apos;amd64&amp;apos;, os.version: &amp;apos;10.0&amp;apos;, java.version: &amp;apos;18.0.1&amp;apos;
Driver info: org.openqa.selenium.chrome.ChromeDriver
Command: [735b3c80f2d0da23229bee41357d86b2, findElement {using=xpath, value=//input[@id=&amp;apos;pin&amp;apos;]}]
Capabilities {acceptInsecureCerts: false, browserName: chrome, browserVersion: 102.0.5005.115, chrome: {chromedriverVersion: 102.0.5005.61 (0e59bcc00cc4..., userDataDir: C:\Users\dell\AppData\Local...}, goog:chromeOptions: {debuggerAddress: localhost:60539}, networkConnectionEnabled: false, pageLoadStrategy: normal, platformName: WINDOWS, proxy: Proxy(), se:cdp: ws://localhost:60539/devtoo..., se:cdpVersion: 102.0.5005.115, setWindowRect: true, strictFileInteractability: false, timeouts: {implicit: 0, pageLoad: 300000, script: 30000}, unhandledPromptBehavior: dismiss and notify, webauthn:extension:credBlob: true, webauthn:extension:largeBlob: true, webauthn:virtualAuthenticators: true}
Session ID: 735b3c80f2d0da23229bee41357d86b2">
      <![CDATA[org.openqa.selenium.NoSuchElementException: no such element: Unable to locate element: {"method":"xpath","selector":"//input[@id='pin']"}
  (Session info: chrome=102.0.5005.115)
For documentation on this error, please visit: https://selenium.dev/exceptions/#no_such_element
Build info: version: '4.2.2', revision: '683ccb65d6'
System info: host: 'JARVIS-VCK', ip: '192.168.201.81', os.name: 'Windows 10', os.arch: 'amd64', os.version: '10.0', java.version: '18.0.1'
Driver info: org.openqa.selenium.chrome.ChromeDriver
Command: [735b3c80f2d0da23229bee41357d86b2, findElement {using=xpath, value=//input[@id='pin']}]
Capabilities {acceptInsecureCerts: false, browserName: chrome, browserVersion: 102.0.5005.115, chrome: {chromedriverVersion: 102.0.5005.61 (0e59bcc00cc4..., userDataDir: C:\Users\dell\AppData\Local...}, goog:chromeOptions: {debuggerAddress: localhost:60539}, networkConnectionEnabled: false, pageLoadStrategy: normal, platformName: WINDOWS, proxy: Proxy(), se:cdp: ws://localhost:60539/devtoo..., se:cdpVersion: 102.0.5005.115, setWindowRect: true, strictFileInteractability: false, timeouts: {implicit: 0, pageLoad: 300000, script: 30000}, unhandledPromptBehavior: dismiss and notify, webauthn:extension:credBlob: true, webauthn:extension:largeBlob: true, webauthn:virtualAuthenticators: true}
Session ID: 735b3c80f2d0da23229bee41357d86b2
at java.base/jdk.internal.reflect.DirectConstructorHandleAccessor.newInstance(DirectConstructorHandleAccessor.java:67)
at java.base/java.lang.reflect.Constructor.newInstanceWithCaller(Constructor.java:499)
at java.base/java.lang.reflect.Constructor.newInstance(Constructor.java:483)
at org.openqa.selenium.remote.codec.w3c.W3CHttpResponseCodec.createException(W3CHttpResponseCodec.java:200)
at org.openqa.selenium.remote.codec.w3c.W3CHttpResponseCodec.decode(W3CHttpResponseCodec.java:133)
at org.openqa.selenium.remote.codec.w3c.W3CHttpResponseCodec.decode(W3CHttpResponseCodec.java:53)
at org.openqa.selenium.remote.HttpCommandExecutor.execute(HttpCommandExecutor.java:184)
at org.openqa.selenium.remote.service.DriverCommandExecutor.invokeExecute(DriverCommandExecutor.java:167)
at org.openqa.selenium.remote.service.DriverCommandExecutor.execute(DriverCommandExecutor.java:142)
at org.openqa.selenium.remote.RemoteWebDriver.execute(RemoteWebDriver.java:588)
at org.openqa.selenium.remote.ElementLocation$ElementFinder$2.findElement(ElementLocation.java:162)
at org.openqa.selenium.remote.ElementLocation.findElement(ElementLocation.java:60)
at org.openqa.selenium.remote.RemoteWebDriver.findElement(RemoteWebDriver.java:406)
at org.openqa.selenium.remote.RemoteWebDriver.findElement(RemoteWebDriver.java:398)
at org.openqa.selenium.support.pagefactory.DefaultElementLocator.findElement(DefaultElementLocator.java:70)
at org.openqa.selenium.support.pagefactory.internal.LocatingElementHandler.invoke(LocatingElementHandler.java:39)
at jdk.proxy2/jdk.proxy2.$Proxy15.sendKeys(Unknown Source)
at POM.zpin.enterPin(zpin.java:29)
at TEST.FTest.testa(FTest.java:46)
at java.base/jdk.internal.reflect.DirectMethodHandleAccessor.invoke(DirectMethodHandleAccessor.java:104)
at java.base/java.lang.reflect.Method.invoke(Method.java:577)
at org.testng.internal.MethodInvocationHelper.invokeMethod(MethodInvocationHelper.java:133)
at org.testng.internal.MethodInvocationHelper.invokeMethodConsideringTimeout(MethodInvocationHelper.java:62)
at org.testng.internal.ConfigInvoker.invokeConfigurationMethod(ConfigInvoker.java:385)
at org.testng.internal.ConfigInvoker.invokeConfigurations(ConfigInvoker.java:321)
at org.testng.internal.TestInvoker.runConfigMethods(TestInvoker.java:700)
at org.testng.internal.TestInvoker.invokeMethod(TestInvoker.java:527)
at org.testng.internal.TestInvoker.invokeTestMethod(TestInvoker.java:173)
at org.testng.internal.MethodRunner.runInSequence(MethodRunner.java:46)
at org.testng.internal.TestInvoker$MethodInvocationAgent.invoke(TestInvoker.java:824)
at org.testng.internal.TestInvoker.invokeTestMethods(TestInvoker.java:146)
at org.testng.internal.TestMethodWorker.invokeTestMethods(TestMethodWorker.java:146)
at org.testng.internal.TestMethodWorker.run(TestMethodWorker.java:128)
at java.base/java.util.ArrayList.forEach(ArrayList.java:1511)
at org.testng.TestRunner.privateRun(TestRunner.java:794)
at org.testng.TestRunner.run(TestRunner.java:596)
at org.testng.SuiteRunner.runTest(SuiteRunner.java:377)
at org.testng.SuiteRunner.runSequentially(SuiteRunner.java:371)
at org.testng.SuiteRunner.privateRun(SuiteRunner.java:332)
at org.testng.SuiteRunner.run(SuiteRunner.java:276)
at org.testng.SuiteRunnerWorker.runSuite(SuiteRunnerWorker.java:53)
at org.testng.SuiteRunnerWorker.run(SuiteRunnerWorker.java:96)
at org.testng.TestNG.runSuitesSequentially(TestNG.java:1212)
at org.testng.TestNG.runSuitesLocally(TestNG.java:1134)
at org.testng.TestNG.runSuites(TestNG.java:1063)
at org.testng.TestNG.run(TestNG.java:1031)
at org.testng.remote.AbstractRemoteTestNG.run(AbstractRemoteTestNG.java:115)
at org.testng.remote.RemoteTestNG.initAndRun(RemoteTestNG.java:251)
at org.testng.remote.RemoteTestNG.main(RemoteTestNG.java:77)
]]>
    </failure>
  </testcase> <!-- @BeforeMethod testa -->
  <testcase classname="TEST.FTest" name="@BeforeMethod testa" time="-1.655709918544E9">
    <skipped/>
  </testcase> <!-- @BeforeMethod testa -->
  <testcase classname="TEST.FTest" name="@BeforeMethod testa" time="-1.655709918559E9">
    <skipped/>
  </testcase> <!-- @BeforeMethod testa -->
  <testcase classname="TEST.FTest" name="@BeforeMethod testa" time="-1.655709918586E9">
    <skipped/>
  </testcase> <!-- @BeforeMethod testa -->
  <testcase classname="TEST.FTest" name="@BeforeMethod testa" time="-1.655709918595E9">
    <skipped/>
  </testcase> <!-- @BeforeMethod testa -->
  <testcase classname="TEST.FTest" name="@BeforeMethod testa" time="-1.655709918606E9">
    <skipped/>
  </testcase> <!-- @BeforeMethod testa -->
  <testcase classname="TEST.FTest" name="@BeforeMethod testa" time="-1.655709918616E9">
    <skipped/>
  </testcase> <!-- @BeforeMethod testa -->
  <testcase classname="TEST.FTest" name="@BeforeMethod testa" time="-1.655709918628E9">
    <skipped/>
  </testcase> <!-- @BeforeMethod testa -->
  <testcase classname="TEST.FTest" name="@BeforeMethod testa" time="-1.655709918639E9">
    <skipped/>
  </testcase> <!-- @BeforeMethod testa -->
  <testcase classname="TEST.FTest" name="@BeforeMethod testa" time="-1.655709918649E9">
    <skipped/>
  </testcase> <!-- @BeforeMethod testa -->
  <testcase classname="TEST.FTest" name="@BeforeMethod testa" time="-1.655709918655E9">
    <skipped/>
  </testcase> <!-- @BeforeMethod testa -->
  <testcase classname="TEST.FTest" name="@BeforeMethod testa" time="-1.655709918662E9">
    <skipped/>
  </testcase> <!-- @BeforeMethod testa -->
  <testcase classname="TEST.FTest" name="@BeforeMethod testa" time="-1.655709918669E9">
    <skipped/>
  </testcase> <!-- @BeforeMethod testa -->
  <testcase classname="TEST.FTest" name="@BeforeMethod testa" time="-1.655709918675E9">
    <skipped/>
  </testcase> <!-- @BeforeMethod testa -->
  <testcase classname="TEST.FTest" name="@BeforeMethod testa" time="-1.655709918683E9">
    <skipped/>
  </testcase> <!-- @BeforeMethod testa -->
  <testcase classname="TEST.FTest" name="@BeforeMethod testa" time="-1.655709918691E9">
    <skipped/>
  </testcase> <!-- @BeforeMethod testa -->
  <testcase classname="TEST.FTest" name="@BeforeMethod testa" time="-1.655709918701E9">
    <skipped/>
  </testcase> <!-- @BeforeMethod testa -->
  <testcase classname="TEST.FTest" name="lgwtcred_itr_lo_sl_buy" time="7.342"/>
  <testcase classname="TEST.FTest" name="lgwtcred_itr_lo_sl_sell" time="5.097"/>
  <testcase classname="TEST.FTest" name="lgwtcred_itr_mo_slm_buy" time="10.528"/>
  <testcase classname="TEST.FTest" name="lgwtcred_itr_mo_slm_sell" time="6.474"/>
  <testcase classname="TEST.FTest" name="lgwtcred_lgt_lo_sl_buy" time="0.001">
    <skipped/>
  </testcase> <!-- lgwtcred_lgt_lo_sl_buy -->
  <testcase classname="TEST.FTest" name="lgwtcred_lgt_lo_sl_sell" time="0.0">
    <skipped/>
  </testcase> <!-- lgwtcred_lgt_lo_sl_sell -->
  <testcase classname="TEST.FTest" name="lgwtcred_lgt_mo_sl_sell" time="0.0">
    <skipped/>
  </testcase> <!-- lgwtcred_lgt_mo_sl_sell -->
  <testcase classname="TEST.FTest" name="lgwtcred_lgt_mo_slm_buy" time="0.0">
    <skipped/>
  </testcase> <!-- lgwtcred_lgt_mo_slm_buy -->
  <testcase classname="TEST.FTest" name="frgt_usrid" time="0.0">
    <skipped/>
  </testcase> <!-- frgt_usrid -->
  <testcase classname="TEST.FTest" name="frgt_wo_usrid" time="0.0">
    <skipped/>
  </testcase> <!-- frgt_wo_usrid -->
  <testcase classname="TEST.FTest" name="signup_createnri_acc" time="0.0">
    <skipped/>
  </testcase> <!-- signup_createnri_acc -->
  <testcase classname="TEST.FTest" name="signup_withmob" time="0.0">
    <skipped/>
  </testcase> <!-- signup_withmob -->
  <testcase classname="TEST.FTest" name="lgwtcred_lgt_chart" time="0.0">
    <skipped/>
  </testcase> <!-- lgwtcred_lgt_chart -->
  <testcase classname="TEST.FTest" name="lgwtcred_lgt_lo_sl_TK" time="0.0">
    <skipped/>
  </testcase> <!-- lgwtcred_lgt_lo_sl_TK -->
  <testcase classname="TEST.FTest" name="lgwtcred_lgt_lo_sl_cncl" time="0.0">
    <skipped/>
  </testcase> <!-- lgwtcred_lgt_lo_sl_cncl -->
  <testcase classname="TEST.FTest" name="applications" time="0.0">
    <skipped/>
  </testcase> <!-- applications -->
  <testcase classname="TEST.FTest" name="dashboard" time="0.0">
    <skipped/>
  </testcase> <!-- dashboard -->
  <testcase classname="TEST.FTest" name="funds" time="0.0">
    <skipped/>
  </testcase> <!-- funds -->
  <testcase classname="TEST.FTest" name="holdings" time="0.0">
    <skipped/>
  </testcase> <!-- holdings -->
  <testcase classname="TEST.FTest" name="orders" time="0.0">
    <skipped/>
  </testcase> <!-- orders -->
  <testcase classname="TEST.FTest" name="positions" time="0.0">
    <skipped/>
  </testcase> <!-- positions -->
</testsuite> <!-- Default test -->
